[0117/233932.138:ERROR:directory_reader_win.cc(43)] FindFirstFile: Das System kann den angegebenen Pfad nicht finden. (0x3)
[0118/212414.886:ERROR:process_memory_win.cc(73)] ReadMemory at 0x7ff7092f0000 of 64 bytes failed: Nur ein Teil der ReadProcessMemory- oder WriteProcessMemory-Anforderung wurde abgeschlossen. (0x12B)
[0118/212414.887:WARNING:pe_image_reader.cc(340)] could not read dos header from C:\Program Files (x86)\Google\Chrome\Application\chrome.exe
[0118/212414.887:ERROR:process_memory_win.cc(73)] ReadMemory at 0x7fff5b8d0000 of 64 bytes failed: Nur ein Teil der ReadProcessMemory- oder WriteProcessMemory-Anforderung wurde abgeschlossen. (0x12B)
[0118/212414.887:WARNING:pe_image_reader.cc(340)] could not read dos header from C:\WINDOWS\SYSTEM32\ntdll.dll
[0118/212414.888:ERROR:process_memory_win.cc(73)] ReadMemory at 0x7fff5afb0000 of 64 bytes failed: Nur ein Teil der ReadProcessMemory- oder WriteProcessMemory-Anforderung wurde abgeschlossen. (0x12B)
[0118/212414.888:WARNING:pe_image_reader.cc(340)] could not read dos header from C:\WINDOWS\System32\KERNEL32.dll
[0118/212414.888:ERROR:process_memory_win.cc(73)] ReadMemory at 0x7fff59580000 of 64 bytes failed: Nur ein Teil der ReadProcessMemory- oder WriteProcessMemory-Anforderung wurde abgeschlossen. (0x12B)
[0118/212414.888:WARNING:pe_image_reader.cc(340)] could not read dos header from C:\WINDOWS\System32\KERNELBASE.dll
[0118/212414.888:ERROR:process_memory_win.cc(73)] ReadMemory at 0x7fff41b60000 of 64 bytes failed: Nur ein Teil der ReadProcessMemory- oder WriteProcessMemory-Anforderung wurde abgeschlossen. (0x12B)
[0118/212414.888:WARNING:pe_image_reader.cc(340)] could not read dos header from C:\Program Files (x86)\Google\Chrome\Application\87.0.4280.141\chrome_elf.dll
[0118/212414.888:ERROR:process_memory_win.cc(73)] ReadMemory at 0x7fff52f50000 of 64 bytes failed: Nur ein Teil der ReadProcessMemory- oder WriteProcessMemory-Anforderung wurde abgeschlossen. (0x12B)
[0118/212414.888:WARNING:pe_image_reader.cc(340)] could not read dos header from C:\WINDOWS\SYSTEM32\VERSION.dll
[0118/212414.888:ERROR:process_memory_win.cc(73)] ReadMemory at 0x7fff59930000 of 64 bytes failed: Nur ein Teil der ReadProcessMemory- oder WriteProcessMemory-Anforderung wurde abgeschlossen. (0x12B)
[0118/212414.888:WARNING:pe_image_reader.cc(340)] could not read dos header from C:\WINDOWS\System32\msvcrt.dll
[0118/212414.888:ERROR:process_memory_win.cc(73)] ReadMemory at 0x7fff5aca0000 of 64 bytes failed: Nur ein Teil der ReadProcessMemory- oder WriteProcessMemory-Anforderung wurde abgeschlossen. (0x12B)
[0118/212414.888:WARNING:pe_image_reader.cc(340)] could not read dos header from C:\WINDOWS\System32\ADVAPI32.dll
[0118/212414.888:ERROR:process_memory_win.cc(73)] ReadMemory at 0x7fff5a760000 of 64 bytes failed: Nur ein Teil der ReadProcessMemory- oder WriteProcessMemory-Anforderung wurde abgeschlossen. (0x12B)
[0118/212414.888:WARNING:pe_image_reader.cc(340)] could not read dos header from C:\WINDOWS\System32\sechost.dll
[0118/212414.888:ERROR:process_memory_win.cc(73)] ReadMemory at 0x7fff59a30000 of 64 bytes failed: Nur ein Teil der ReadProcessMemory- oder WriteProcessMemory-Anforderung wurde abgeschlossen. (0x12B)
[0118/212414.888:WARNING:pe_image_reader.cc(340)] could not read dos header from C:\WINDOWS\System32\RPCRT4.dll
[0118/212414.889:ERROR:process_memory_win.cc(73)] ReadMemory at 0x7ffee3120000 of 64 bytes failed: Nur ein Teil der ReadProcessMemory- oder WriteProcessMemory-Anforderung wurde abgeschlossen. (0x12B)
[0118/212414.889:WARNING:pe_image_reader.cc(340)] could not read dos header from C:\Program Files (x86)\Google\Chrome\Application\87.0.4280.141\chrome.dll
[0118/212414.889:ERROR:process_memory_win.cc(73)] ReadMemory at 0x7fff5b080000 of 64 bytes failed: Nur ein Teil der ReadProcessMemory- oder WriteProcessMemory-Anforderung wurde abgeschlossen. (0x12B)
[0118/212414.889:WARNING:pe_image_reader.cc(340)] could not read dos header from C:\WINDOWS\System32\WS2_32.dll
[0118/212414.889:ERROR:process_memory_win.cc(73)] ReadMemory at 0x7fff5aee0000 of 64 bytes failed: Nur ein Teil der ReadProcessMemory- oder WriteProcessMemory-Anforderung wurde abgeschlossen. (0x12B)
[0118/212414.889:WARNING:pe_image_reader.cc(340)] could not read dos header from C:\WINDOWS\System32\OLEAUT32.dll
[0118/212414.889:ERROR:process_memory_win.cc(73)] ReadMemory at 0x7fff592a0000 of 64 bytes failed: Nur ein Teil der ReadProcessMemory- oder WriteProcessMemory-Anforderung wurde abgeschlossen. (0x12B)
[0118/212414.889:WARNING:pe_image_reader.cc(340)] could not read dos header from C:\WINDOWS\System32\msvcp_win.dll
[0118/212414.889:ERROR:process_memory_win.cc(73)] ReadMemory at 0x7fff59480000 of 64 bytes failed: Nur ein Teil der ReadProcessMemory- oder WriteProcessMemory-Anforderung wurde abgeschlossen. (0x12B)
[0118/212414.889:WARNING:pe_image_reader.cc(340)] could not read dos header from C:\WINDOWS\System32\ucrtbase.dll
[0118/212414.890:ERROR:process_memory_win.cc(73)] ReadMemory at 0x7fff5b530000 of 64 bytes failed: Nur ein Teil der ReadProcessMemory- oder WriteProcessMemory-Anforderung wurde abgeschlossen. (0x12B)
[0118/212414.890:WARNING:pe_image_reader.cc(340)] could not read dos header from C:\WINDOWS\System32\combase.dll
[0118/212414.890:ERROR:process_memory_win.cc(73)] ReadMemory at 0x7fff598d0000 of 64 bytes failed: Nur ein Teil der ReadProcessMemory- oder WriteProcessMemory-Anforderung wurde abgeschlossen. (0x12B)
[0118/212414.890:WARNING:pe_image_reader.cc(340)] could not read dos header from C:\WINDOWS\System32\WINTRUST.dll
[0118/212414.890:ERROR:process_memory_win.cc(73)] ReadMemory at 0x7fff59040000 of 64 bytes failed: Nur ein Teil der ReadProcessMemory- oder WriteProcessMemory-Anforderung wurde abgeschlossen. (0x12B)
[0118/212414.890:WARNING:pe_image_reader.cc(340)] could not read dos header from C:\WINDOWS\System32\CRYPT32.dll
[0118/212414.890:ERROR:process_memory_win.cc(73)] ReadMemory at 0x7fff519d0000 of 64 bytes failed: Nur ein Teil der ReadProcessMemory- oder WriteProcessMemory-Anforderung wurde abgeschlossen. (0x12B)
[0118/212414.890:WARNING:pe_image_reader.cc(340)] could not read dos header from C:\WINDOWS\SYSTEM32\dbghelp.dll
[0118/212414.890:ERROR:process_memory_win.cc(73)] ReadMemory at 0x7fff58490000 of 64 bytes failed: Nur ein Teil der ReadProcessMemory- oder WriteProcessMemory-Anforderung wurde abgeschlossen. (0x12B)
[0118/212414.890:WARNING:pe_image_reader.cc(340)] could not read dos header from C:\WINDOWS\SYSTEM32\IPHLPAPI.DLL
[0118/212414.890:ERROR:process_memory_win.cc(73)] ReadMemory at 0x7fff4f930000 of 64 bytes failed: Nur ein Teil der ReadProcessMemory- oder WriteProcessMemory-Anforderung wurde abgeschlossen. (0x12B)
[0118/212414.890:WARNING:pe_image_reader.cc(340)] could not read dos header from C:\WINDOWS\SYSTEM32\WINMM.dll
[0118/212414.890:ERROR:process_memory_win.cc(73)] ReadMemory at 0x7fff27be0000 of 64 bytes failed: Nur ein Teil der ReadProcessMemory- oder WriteProcessMemory-Anforderung wurde abgeschlossen. (0x12B)
[0118/212414.890:WARNING:pe_image_reader.cc(340)] could not read dos header from C:\WINDOWS\SYSTEM32\UIAutomationCore.DLL
[0118/212414.890:ERROR:process_memory_win.cc(73)] ReadMemory at 0x7fff3d6f0000 of 64 bytes failed: Nur ein Teil der ReadProcessMemory- oder WriteProcessMemory-Anforderung wurde abgeschlossen. (0x12B)
[0118/212414.890:WARNING:pe_image_reader.cc(340)] could not read dos header from C:\WINDOWS\SYSTEM32\Secur32.dll
[0118/212414.890:ERROR:process_memory_win.cc(73)] ReadMemory at 0x7fff58f00000 of 64 bytes failed: Nur ein Teil der ReadProcessMemory- oder WriteProcessMemory-Anforderung wurde abgeschlossen. (0x12B)
[0118/212414.890:WARNING:pe_image_reader.cc(340)] could not read dos header from C:\WINDOWS\SYSTEM32\USERENV.dll
[0118/212414.890:ERROR:process_memory_win.cc(73)] ReadMemory at 0x7fff3c640000 of 64 bytes failed: Nur ein Teil der ReadProcessMemory- oder WriteProcessMemory-Anforderung wurde abgeschlossen. (0x12B)
[0118/212414.890:WARNING:pe_image_reader.cc(340)] could not read dos header from C:\WINDOWS\SYSTEM32\DWrite.dll
[0118/212414.890:ERROR:process_memory_win.cc(73)] ReadMemory at 0x7fff4f350000 of 64 bytes failed: Nur ein Teil der ReadProcessMemory- oder WriteProcessMemory-Anforderung wurde abgeschlossen. (0x12B)
[0118/212414.890:WARNING:pe_image_reader.cc(340)] could not read dos header from C:\WINDOWS\SYSTEM32\WINSPOOL.DRV
[0118/212414.891:ERROR:process_memory_win.cc(73)] ReadMemory at 0x7fff50b20000 of 64 bytes failed: Nur ein Teil der ReadProcessMemory- oder WriteProcessMemory-Anforderung wurde abgeschlossen. (0x12B)
[0118/212414.891:WARNING:pe_image_reader.cc(340)] could not read dos header from C:\WINDOWS\SYSTEM32\WINHTTP.dll
[0118/212414.891:ERROR:process_memory_win.cc(73)] ReadMemory at 0x7fff531e0000 of 64 bytes failed: Nur ein Teil der ReadProcessMemory- oder WriteProcessMemory-Anforderung wurde abgeschlossen. (0x12B)
[0118/212414.891:WARNING:pe_image_reader.cc(340)] could not read dos header from C:\WINDOWS\SYSTEM32\dhcpcsvc.DLL
[0118/212414.891:ERROR:process_memory_win.cc(73)] ReadMemory at 0x7fff557c0000 of 64 bytes failed: Nur ein Teil der ReadProcessMemory- oder WriteProcessMemory-Anforderung wurde abgeschlossen. (0x12B)
[0118/212414.891:WARNING:pe_image_reader.cc(340)] could not read dos header from C:\WINDOWS\SYSTEM32\PROPSYS.dll
[0118/212414.891:ERROR:process_memory_win.cc(73)] ReadMemory at 0x7fff58ec0000 of 64 bytes failed: Nur ein Teil der ReadProcessMemory- oder WriteProcessMemory-Anforderung wurde abgeschlossen. (0x12B)
[0118/212414.891:WARNING:pe_image_reader.cc(340)] could not read dos header from C:\WINDOWS\SYSTEM32\SSPICLI.DLL
[0118/212414.891:ERROR:process_memory_win.cc(73)] ReadMemory at 0x7fff58bf0000 of 64 bytes failed: Nur ein Teil der ReadProcessMemory- oder WriteProcessMemory-Anforderung wurde abgeschlossen. (0x12B)
[0118/212414.891:WARNING:pe_image_reader.cc(340)] could not read dos header from C:\WINDOWS\System32\MSASN1.dll
[0118/212414.891:ERROR:process_memory_win.cc(73)] ReadMemory at 0x7fff59850000 of 64 bytes failed: Nur ein Teil der ReadProcessMemory- oder WriteProcessMemory-Anforderung wurde abgeschlossen. (0x12B)
[0118/212414.891:WARNING:pe_image_reader.cc(340)] could not read dos header from C:\WINDOWS\System32\bcryptPrimitives.dll
[0118/212414.891:ERROR:process_memory_win.cc(73)] ReadMemory at 0x7fff5b350000 of 64 bytes failed: Nur ein Teil der ReadProcessMemory- oder WriteProcessMemory-Anforderung wurde abgeschlossen. (0x12B)
[0118/212414.891:WARNING:pe_image_reader.cc(340)] could not read dos header from C:\WINDOWS\System32\ole32.dll
[0118/212414.891:ERROR:process_memory_win.cc(73)] ReadMemory at 0x7fff5b320000 of 64 bytes failed: Nur ein Teil der ReadProcessMemory- oder WriteProcessMemory-Anforderung wurde abgeschlossen. (0x12B)
[0118/212414.891:WARNING:pe_image_reader.cc(340)] could not read dos header from C:\WINDOWS\System32\GDI32.dll
[0118/212414.891:ERROR:process_memory_win.cc(73)] ReadMemory at 0x7fff59010000 of 64 bytes failed: Nur ein Teil der ReadProcessMemory- oder WriteProcessMemory-Anforderung wurde abgeschlossen. (0x12B)
[0118/212414.891:WARNING:pe_image_reader.cc(340)] could not read dos header from C:\WINDOWS\System32\win32u.dll
[0118/212414.891:ERROR:process_memory_win.cc(73)] ReadMemory at 0x7fff59340000 of 64 bytes failed: Nur ein Teil der ReadProcessMemory- oder WriteProcessMemory-Anforderung wurde abgeschlossen. (0x12B)
[0118/212414.891:WARNING:pe_image_reader.cc(340)] could not read dos header from C:\WINDOWS\System32\gdi32full.dll
[0118/212414.891:ERROR:process_memory_win.cc(73)] ReadMemory at 0x7fff5b0f0000 of 64 bytes failed: Nur ein Teil der ReadProcessMemory- oder WriteProcessMemory-Anforderung wurde abgeschlossen. (0x12B)
[0118/212414.891:WARNING:pe_image_reader.cc(340)] could not read dos header from C:\WINDOWS\System32\USER32.dll
[0118/212414.892:ERROR:process_memory_win.cc(73)] ReadMemory at 0x7fff5a360000 of 64 bytes failed: Nur ein Teil der ReadProcessMemory- oder WriteProcessMemory-Anforderung wurde abgeschlossen. (0x12B)
[0118/212414.892:WARNING:pe_image_reader.cc(340)] could not read dos header from C:\WINDOWS\System32\IMM32.DLL
[0118/212414.892:ERROR:process_memory_win.cc(73)] ReadMemory at 0x7fff589e0000 of 64 bytes failed: Nur ein Teil der ReadProcessMemory- oder WriteProcessMemory-Anforderung wurde abgeschlossen. (0x12B)
[0118/212414.892:WARNING:pe_image_reader.cc(340)] could not read dos header from C:\WINDOWS\SYSTEM32\CRYPTBASE.DLL
[0118/212414.899:ERROR:process_memory_win.cc(73)] ReadMemory at 0x7ff7092f0000 of 64 bytes failed: Nur ein Teil der ReadProcessMemory- oder WriteProcessMemory-Anforderung wurde abgeschlossen. (0x12B)
[0118/212414.899:WARNING:pe_image_reader.cc(340)] could not read dos header from C:\Program Files (x86)\Google\Chrome\Application\chrome.exe
[0118/212414.899:ERROR:process_memory_win.cc(73)] ReadMemory at 0x7fff5b8d0000 of 64 bytes failed: Nur ein Teil der ReadProcessMemory- oder WriteProcessMemory-Anforderung wurde abgeschlossen. (0x12B)
[0118/212414.899:WARNING:pe_image_reader.cc(340)] could not read dos header from C:\WINDOWS\SYSTEM32\ntdll.dll
[0118/212414.899:ERROR:process_memory_win.cc(73)] ReadMemory at 0x7fff5afb0000 of 64 bytes failed: Nur ein Teil der ReadProcessMemory- oder WriteProcessMemory-Anforderung wurde abgeschlossen. (0x12B)
[0118/212414.899:WARNING:pe_image_reader.cc(340)] could not read dos header from C:\WINDOWS\System32\KERNEL32.dll
[0118/212414.899:ERROR:process_memory_win.cc(73)] ReadMemory at 0x7fff59580000 of 64 bytes failed: Nur ein Teil der ReadProcessMemory- oder WriteProcessMemory-Anforderung wurde abgeschlossen. (0x12B)
[0118/212414.899:WARNING:pe_image_reader.cc(340)] could not read dos header from C:\WINDOWS\System32\KERNELBASE.dll
[0118/212414.899:ERROR:process_memory_win.cc(73)] ReadMemory at 0x7fff41b60000 of 64 bytes failed: Nur ein Teil der ReadProcessMemory- oder WriteProcessMemory-Anforderung wurde abgeschlossen. (0x12B)
[0118/212414.899:WARNING:pe_image_reader.cc(340)] could not read dos header from C:\Program Files (x86)\Google\Chrome\Application\87.0.4280.141\chrome_elf.dll
[0118/212414.899:ERROR:process_memory_win.cc(73)] ReadMemory at 0x7fff52f50000 of 64 bytes failed: Nur ein Teil der ReadProcessMemory- oder WriteProcessMemory-Anforderung wurde abgeschlossen. (0x12B)
[0118/212414.899:WARNING:pe_image_reader.cc(340)] could not read dos header from C:\WINDOWS\SYSTEM32\VERSION.dll
[0118/212414.899:ERROR:process_memory_win.cc(73)] ReadMemory at 0x7fff59930000 of 64 bytes failed: Nur ein Teil der ReadProcessMemory- oder WriteProcessMemory-Anforderung wurde abgeschlossen. (0x12B)
[0118/212414.899:WARNING:pe_image_reader.cc(340)] could not read dos header from C:\WINDOWS\System32\msvcrt.dll
[0118/212414.899:ERROR:process_memory_win.cc(73)] ReadMemory at 0x7fff5aca0000 of 64 bytes failed: Nur ein Teil der ReadProcessMemory- oder WriteProcessMemory-Anforderung wurde abgeschlossen. (0x12B)
[0118/212414.899:WARNING:pe_image_reader.cc(340)] could not read dos header from C:\WINDOWS\System32\ADVAPI32.dll
[0118/212414.900:ERROR:process_memory_win.cc(73)] ReadMemory at 0x7fff5a760000 of 64 bytes failed: Nur ein Teil der ReadProcessMemory- oder WriteProcessMemory-Anforderung wurde abgeschlossen. (0x12B)
[0118/212414.900:WARNING:pe_image_reader.cc(340)] could not read dos header from C:\WINDOWS\System32\sechost.dll
[0118/212414.900:ERROR:process_memory_win.cc(73)] ReadMemory at 0x7fff59a30000 of 64 bytes failed: Nur ein Teil der ReadProcessMemory- oder WriteProcessMemory-Anforderung wurde abgeschlossen. (0x12B)
[0118/212414.900:WARNING:pe_image_reader.cc(340)] could not read dos header from C:\WINDOWS\System32\RPCRT4.dll
[0118/212414.900:ERROR:process_memory_win.cc(73)] ReadMemory at 0x7ffee3120000 of 64 bytes failed: Nur ein Teil der ReadProcessMemory- oder WriteProcessMemory-Anforderung wurde abgeschlossen. (0x12B)
[0118/212414.900:WARNING:pe_image_reader.cc(340)] could not read dos header from C:\Program Files (x86)\Google\Chrome\Application\87.0.4280.141\chrome.dll
[0118/212414.900:ERROR:process_memory_win.cc(73)] ReadMemory at 0x7fff5b080000 of 64 bytes failed: Nur ein Teil der ReadProcessMemory- oder WriteProcessMemory-Anforderung wurde abgeschlossen. (0x12B)
[0118/212414.900:WARNING:pe_image_reader.cc(340)] could not read dos header from C:\WINDOWS\System32\WS2_32.dll
[0118/212414.900:ERROR:process_memory_win.cc(73)] ReadMemory at 0x7fff5aee0000 of 64 bytes failed: Nur ein Teil der ReadProcessMemory- oder WriteProcessMemory-Anforderung wurde abgeschlossen. (0x12B)
[0118/212414.900:WARNING:pe_image_reader.cc(340)] could not read dos header from C:\WINDOWS\System32\OLEAUT32.dll
[0118/212414.900:ERROR:process_memory_win.cc(73)] ReadMemory at 0x7fff592a0000 of 64 bytes failed: Nur ein Teil der ReadProcessMemory- oder WriteProcessMemory-Anforderung wurde abgeschlossen. (0x12B)
[0118/212414.900:WARNING:pe_image_reader.cc(340)] could not read dos header from C:\WINDOWS\System32\msvcp_win.dll
[0118/212414.900:ERROR:process_memory_win.cc(73)] ReadMemory at 0x7fff59480000 of 64 bytes failed: Nur ein Teil der ReadProcessMemory- oder WriteProcessMemory-Anforderung wurde abgeschlossen. (0x12B)
[0118/212414.900:WARNING:pe_image_reader.cc(340)] could not read dos header from C:\WINDOWS\System32\ucrtbase.dll
[0118/212414.900:ERROR:process_memory_win.cc(73)] ReadMemory at 0x7fff5b530000 of 64 bytes failed: Nur ein Teil der ReadProcessMemory- oder WriteProcessMemory-Anforderung wurde abgeschlossen. (0x12B)
[0118/212414.900:WARNING:pe_image_reader.cc(340)] could not read dos header from C:\WINDOWS\System32\combase.dll
[0118/212414.901:ERROR:process_memory_win.cc(73)] ReadMemory at 0x7fff598d0000 of 64 bytes failed: Nur ein Teil der ReadProcessMemory- oder WriteProcessMemory-Anforderung wurde abgeschlossen. (0x12B)
[0118/212414.901:WARNING:pe_image_reader.cc(340)] could not read dos header from C:\WINDOWS\System32\WINTRUST.dll
[0118/212414.901:ERROR:process_memory_win.cc(73)] ReadMemory at 0x7fff59040000 of 64 bytes failed: Nur ein Teil der ReadProcessMemory- oder WriteProcessMemory-Anforderung wurde abgeschlossen. (0x12B)
[0118/212414.901:WARNING:pe_image_reader.cc(340)] could not read dos header from C:\WINDOWS\System32\CRYPT32.dll
[0118/212414.901:ERROR:process_memory_win.cc(73)] ReadMemory at 0x7fff519d0000 of 64 bytes failed: Nur ein Teil der ReadProcessMemory- oder WriteProcessMemory-Anforderung wurde abgeschlossen. (0x12B)
[0118/212414.901:WARNING:pe_image_reader.cc(340)] could not read dos header from C:\WINDOWS\SYSTEM32\dbghelp.dll
[0118/212414.901:ERROR:process_memory_win.cc(73)] ReadMemory at 0x7fff58490000 of 64 bytes failed: Nur ein Teil der ReadProcessMemory- oder WriteProcessMemory-Anforderung wurde abgeschlossen. (0x12B)
[0118/212414.901:WARNING:pe_image_reader.cc(340)] could not read dos header from C:\WINDOWS\SYSTEM32\IPHLPAPI.DLL
[0118/212414.901:ERROR:process_memory_win.cc(73)] ReadMemory at 0x7fff4f930000 of 64 bytes failed: Nur ein Teil der ReadProcessMemory- oder WriteProcessMemory-Anforderung wurde abgeschlossen. (0x12B)
[0118/212414.901:WARNING:pe_image_reader.cc(340)] could not read dos header from C:\WINDOWS\SYSTEM32\WINMM.dll
[0118/212414.901:ERROR:process_memory_win.cc(73)] ReadMemory at 0x7fff27be0000 of 64 bytes failed: Nur ein Teil der ReadProcessMemory- oder WriteProcessMemory-Anforderung wurde abgeschlossen. (0x12B)
[0118/212414.901:WARNING:pe_image_reader.cc(340)] could not read dos header from C:\WINDOWS\SYSTEM32\UIAutomationCore.DLL
[0118/212414.901:ERROR:process_memory_win.cc(73)] ReadMemory at 0x7fff3d6f0000 of 64 bytes failed: Nur ein Teil der ReadProcessMemory- oder WriteProcessMemory-Anforderung wurde abgeschlossen. (0x12B)
[0118/212414.901:WARNING:pe_image_reader.cc(340)] could not read dos header from C:\WINDOWS\SYSTEM32\Secur32.dll
[0118/212414.901:ERROR:process_memory_win.cc(73)] ReadMemory at 0x7fff58f00000 of 64 bytes failed: Nur ein Teil der ReadProcessMemory- oder WriteProcessMemory-Anforderung wurde abgeschlossen. (0x12B)
[0118/212414.901:WARNING:pe_image_reader.cc(340)] could not read dos header from C:\WINDOWS\SYSTEM32\USERENV.dll
[0118/212414.901:ERROR:process_memory_win.cc(73)] ReadMemory at 0x7fff3c640000 of 64 bytes failed: Nur ein Teil der ReadProcessMemory- oder WriteProcessMemory-Anforderung wurde abgeschlossen. (0x12B)
[0118/212414.902:WARNING:pe_image_reader.cc(340)] could not read dos header from C:\WINDOWS\SYSTEM32\DWrite.dll
[0118/212414.902:ERROR:process_memory_win.cc(73)] ReadMemory at 0x7fff4f350000 of 64 bytes failed: Nur ein Teil der ReadProcessMemory- oder WriteProcessMemory-Anforderung wurde abgeschlossen. (0x12B)
[0118/212414.902:WARNING:pe_image_reader.cc(340)] could not read dos header from C:\WINDOWS\SYSTEM32\WINSPOOL.DRV
[0118/212414.902:ERROR:process_memory_win.cc(73)] ReadMemory at 0x7fff50b20000 of 64 bytes failed: Nur ein Teil der ReadProcessMemory- oder WriteProcessMemory-Anforderung wurde abgeschlossen. (0x12B)
[0118/212414.902:WARNING:pe_image_reader.cc(340)] could not read dos header from C:\WINDOWS\SYSTEM32\WINHTTP.dll
[0118/212414.902:ERROR:process_memory_win.cc(73)] ReadMemory at 0x7fff531e0000 of 64 bytes failed: Nur ein Teil der ReadProcessMemory- oder WriteProcessMemory-Anforderung wurde abgeschlossen. (0x12B)
[0118/212414.902:WARNING:pe_image_reader.cc(340)] could not read dos header from C:\WINDOWS\SYSTEM32\dhcpcsvc.DLL
[0118/212414.902:ERROR:process_memory_win.cc(73)] ReadMemory at 0x7fff557c0000 of 64 bytes failed: Nur ein Teil der ReadProcessMemory- oder WriteProcessMemory-Anforderung wurde abgeschlossen. (0x12B)
[0118/212414.902:WARNING:pe_image_reader.cc(340)] could not read dos header from C:\WINDOWS\SYSTEM32\PROPSYS.dll
[0118/212414.902:ERROR:process_memory_win.cc(73)] ReadMemory at 0x7fff58ec0000 of 64 bytes failed: Nur ein Teil der ReadProcessMemory- oder WriteProcessMemory-Anforderung wurde abgeschlossen. (0x12B)
[0118/212414.902:WARNING:pe_image_reader.cc(340)] could not read dos header from C:\WINDOWS\SYSTEM32\SSPICLI.DLL
[0118/212414.902:ERROR:process_memory_win.cc(73)] ReadMemory at 0x7fff58bf0000 of 64 bytes failed: Nur ein Teil der ReadProcessMemory- oder WriteProcessMemory-Anforderung wurde abgeschlossen. (0x12B)
[0118/212414.902:WARNING:pe_image_reader.cc(340)] could not read dos header from C:\WINDOWS\System32\MSASN1.dll
[0118/212414.902:ERROR:process_memory_win.cc(73)] ReadMemory at 0x7fff59850000 of 64 bytes failed: Nur ein Teil der ReadProcessMemory- oder WriteProcessMemory-Anforderung wurde abgeschlossen. (0x12B)
[0118/212414.902:WARNING:pe_image_reader.cc(340)] could not read dos header from C:\WINDOWS\System32\bcryptPrimitives.dll
[0118/212414.902:ERROR:process_memory_win.cc(73)] ReadMemory at 0x7fff5b350000 of 64 bytes failed: Nur ein Teil der ReadProcessMemory- oder WriteProcessMemory-Anforderung wurde abgeschlossen. (0x12B)
[0118/212414.902:WARNING:pe_image_reader.cc(340)] could not read dos header from C:\WINDOWS\System32\ole32.dll
[0118/212414.903:ERROR:process_memory_win.cc(73)] ReadMemory at 0x7fff5b320000 of 64 bytes failed: Nur ein Teil der ReadProcessMemory- oder WriteProcessMemory-Anforderung wurde abgeschlossen. (0x12B)
[0118/212414.903:WARNING:pe_image_reader.cc(340)] could not read dos header from C:\WINDOWS\System32\GDI32.dll
[0118/212414.903:ERROR:process_memory_win.cc(73)] ReadMemory at 0x7fff59010000 of 64 bytes failed: Nur ein Teil der ReadProcessMemory- oder WriteProcessMemory-Anforderung wurde abgeschlossen. (0x12B)
[0118/212414.903:WARNING:pe_image_reader.cc(340)] could not read dos header from C:\WINDOWS\System32\win32u.dll
[0118/212414.903:ERROR:process_memory_win.cc(73)] ReadMemory at 0x7fff59340000 of 64 bytes failed: Nur ein Teil der ReadProcessMemory- oder WriteProcessMemory-Anforderung wurde abgeschlossen. (0x12B)
[0118/212414.903:WARNING:pe_image_reader.cc(340)] could not read dos header from C:\WINDOWS\System32\gdi32full.dll
[0118/212414.903:ERROR:process_memory_win.cc(73)] ReadMemory at 0x7fff5b0f0000 of 64 bytes failed: Nur ein Teil der ReadProcessMemory- oder WriteProcessMemory-Anforderung wurde abgeschlossen. (0x12B)
[0118/212414.903:WARNING:pe_image_reader.cc(340)] could not read dos header from C:\WINDOWS\System32\USER32.dll
[0118/212414.903:ERROR:process_memory_win.cc(73)] ReadMemory at 0x7fff5a360000 of 64 bytes failed: Nur ein Teil der ReadProcessMemory- oder WriteProcessMemory-Anforderung wurde abgeschlossen. (0x12B)
[0118/212414.903:WARNING:pe_image_reader.cc(340)] could not read dos header from C:\WINDOWS\System32\IMM32.DLL
[0118/212414.903:ERROR:process_memory_win.cc(73)] ReadMemory at 0x7fff589e0000 of 64 bytes failed: Nur ein Teil der ReadProcessMemory- oder WriteProcessMemory-Anforderung wurde abgeschlossen. (0x12B)
[0118/212414.903:WARNING:pe_image_reader.cc(340)] could not read dos header from C:\WINDOWS\SYSTEM32\CRYPTBASE.DLL
[0118/212414.903:ERROR:process_memory_win.cc(73)] ReadMemory at 0x7ff7092f0000 of 64 bytes failed: Nur ein Teil der ReadProcessMemory- oder WriteProcessMemory-Anforderung wurde abgeschlossen. (0x12B)
[0118/212414.903:WARNING:pe_image_reader.cc(340)] could not read dos header from C:\Program Files (x86)\Google\Chrome\Application\chrome.exe
[0118/212414.903:ERROR:process_memory_win.cc(73)] ReadMemory at 0x7fff5b8d0000 of 64 bytes failed: Nur ein Teil der ReadProcessMemory- oder WriteProcessMemory-Anforderung wurde abgeschlossen. (0x12B)
[0118/212414.903:WARNING:pe_image_reader.cc(340)] could not read dos header from C:\WINDOWS\SYSTEM32\ntdll.dll
[0118/212414.903:ERROR:process_memory_win.cc(73)] ReadMemory at 0x7fff5afb0000 of 64 bytes failed: Nur ein Teil der ReadProcessMemory- oder WriteProcessMemory-Anforderung wurde abgeschlossen. (0x12B)
[0118/212414.903:WARNING:pe_image_reader.cc(340)] could not read dos header from C:\WINDOWS\System32\KERNEL32.dll
[0118/212414.903:ERROR:process_memory_win.cc(73)] ReadMemory at 0x7fff59580000 of 64 bytes failed: Nur ein Teil der ReadProcessMemory- oder WriteProcessMemory-Anforderung wurde abgeschlossen. (0x12B)
[0118/212414.903:WARNING:pe_image_reader.cc(340)] could not read dos header from C:\WINDOWS\System32\KERNELBASE.dll
[0118/212414.904:ERROR:process_memory_win.cc(73)] ReadMemory at 0x7fff41b60000 of 64 bytes failed: Nur ein Teil der ReadProcessMemory- oder WriteProcessMemory-Anforderung wurde abgeschlossen. (0x12B)
[0118/212414.904:WARNING:pe_image_reader.cc(340)] could not read dos header from C:\Program Files (x86)\Google\Chrome\Application\87.0.4280.141\chrome_elf.dll
[0118/212414.904:ERROR:process_memory_win.cc(73)] ReadMemory at 0x7fff52f50000 of 64 bytes failed: Nur ein Teil der ReadProcessMemory- oder WriteProcessMemory-Anforderung wurde abgeschlossen. (0x12B)
[0118/212414.904:WARNING:pe_image_reader.cc(340)] could not read dos header from C:\WINDOWS\SYSTEM32\VERSION.dll
[0118/212414.904:ERROR:process_memory_win.cc(73)] ReadMemory at 0x7fff59930000 of 64 bytes failed: Nur ein Teil der ReadProcessMemory- oder WriteProcessMemory-Anforderung wurde abgeschlossen. (0x12B)
[0118/212414.904:WARNING:pe_image_reader.cc(340)] could not read dos header from C:\WINDOWS\System32\msvcrt.dll
[0118/212414.904:ERROR:process_memory_win.cc(73)] ReadMemory at 0x7fff5aca0000 of 64 bytes failed: Nur ein Teil der ReadProcessMemory- oder WriteProcessMemory-Anforderung wurde abgeschlossen. (0x12B)
[0118/212414.904:WARNING:pe_image_reader.cc(340)] could not read dos header from C:\WINDOWS\System32\ADVAPI32.dll
[0118/212414.904:ERROR:process_memory_win.cc(73)] ReadMemory at 0x7fff5a760000 of 64 bytes failed: Nur ein Teil der ReadProcessMemory- oder WriteProcessMemory-Anforderung wurde abgeschlossen. (0x12B)
[0118/212414.904:WARNING:pe_image_reader.cc(340)] could not read dos header from C:\WINDOWS\System32\sechost.dll
[0118/212414.904:ERROR:process_memory_win.cc(73)] ReadMemory at 0x7fff59a30000 of 64 bytes failed: Nur ein Teil der ReadProcessMemory- oder WriteProcessMemory-Anforderung wurde abgeschlossen. (0x12B)
[0118/212414.904:WARNING:pe_image_reader.cc(340)] could not read dos header from C:\WINDOWS\System32\RPCRT4.dll
[0118/212414.904:ERROR:process_memory_win.cc(73)] ReadMemory at 0x7ffee3120000 of 64 bytes failed: Nur ein Teil der ReadProcessMemory- oder WriteProcessMemory-Anforderung wurde abgeschlossen. (0x12B)
[0118/212414.904:WARNING:pe_image_reader.cc(340)] could not read dos header from C:\Program Files (x86)\Google\Chrome\Application\87.0.4280.141\chrome.dll
[0118/212414.904:ERROR:process_memory_win.cc(73)] ReadMemory at 0x7fff5b080000 of 64 bytes failed: Nur ein Teil der ReadProcessMemory- oder WriteProcessMemory-Anforderung wurde abgeschlossen. (0x12B)
[0118/212414.904:WARNING:pe_image_reader.cc(340)] could not read dos header from C:\WINDOWS\System32\WS2_32.dll
[0118/212414.904:ERROR:process_memory_win.cc(73)] ReadMemory at 0x7fff5aee0000 of 64 bytes failed: Nur ein Teil der ReadProcessMemory- oder WriteProcessMemory-Anforderung wurde abgeschlossen. (0x12B)
[0118/212414.904:WARNING:pe_image_reader.cc(340)] could not read dos header from C:\WINDOWS\System32\OLEAUT32.dll
[0118/212414.904:ERROR:process_memory_win.cc(73)] ReadMemory at 0x7fff592a0000 of 64 bytes failed: Nur ein Teil der ReadProcessMemory- oder WriteProcessMemory-Anforderung wurde abgeschlossen. (0x12B)
[0118/212414.904:WARNING:pe_image_reader.cc(340)] could not read dos header from C:\WINDOWS\System32\msvcp_win.dll
[0118/212414.904:ERROR:process_memory_win.cc(73)] ReadMemory at 0x7fff59480000 of 64 bytes failed: Nur ein Teil der ReadProcessMemory- oder WriteProcessMemory-Anforderung wurde abgeschlossen. (0x12B)
[0118/212414.904:WARNING:pe_image_reader.cc(340)] could not read dos header from C:\WINDOWS\System32\ucrtbase.dll
[0118/212414.904:ERROR:process_memory_win.cc(73)] ReadMemory at 0x7fff5b530000 of 64 bytes failed: Nur ein Teil der ReadProcessMemory- oder WriteProcessMemory-Anforderung wurde abgeschlossen. (0x12B)
[0118/212414.905:WARNING:pe_image_reader.cc(340)] could not read dos header from C:\WINDOWS\System32\combase.dll
[0118/212414.905:ERROR:process_memory_win.cc(73)] ReadMemory at 0x7fff598d0000 of 64 bytes failed: Nur ein Teil der ReadProcessMemory- oder WriteProcessMemory-Anforderung wurde abgeschlossen. (0x12B)
[0118/212414.905:WARNING:pe_image_reader.cc(340)] could not read dos header from C:\WINDOWS\System32\WINTRUST.dll
[0118/212414.905:ERROR:process_memory_win.cc(73)] ReadMemory at 0x7fff59040000 of 64 bytes failed: Nur ein Teil der ReadProcessMemory- oder WriteProcessMemory-Anforderung wurde abgeschlossen. (0x12B)
[0118/212414.905:WARNING:pe_image_reader.cc(340)] could not read dos header from C:\WINDOWS\System32\CRYPT32.dll
[0118/212414.905:ERROR:process_memory_win.cc(73)] ReadMemory at 0x7fff519d0000 of 64 bytes failed: Nur ein Teil der ReadProcessMemory- oder WriteProcessMemory-Anforderung wurde abgeschlossen. (0x12B)
[0118/212414.905:WARNING:pe_image_reader.cc(340)] could not read dos header from C:\WINDOWS\SYSTEM32\dbghelp.dll
[0118/212414.905:ERROR:process_memory_win.cc(73)] ReadMemory at 0x7fff58490000 of 64 bytes failed: Nur ein Teil der ReadProcessMemory- oder WriteProcessMemory-Anforderung wurde abgeschlossen. (0x12B)
[0118/212414.905:WARNING:pe_image_reader.cc(340)] could not read dos header from C:\WINDOWS\SYSTEM32\IPHLPAPI.DLL
[0118/212414.905:ERROR:process_memory_win.cc(73)] ReadMemory at 0x7fff4f930000 of 64 bytes failed: Nur ein Teil der ReadProcessMemory- oder WriteProcessMemory-Anforderung wurde abgeschlossen. (0x12B)
[0118/212414.905:WARNING:pe_image_reader.cc(340)] could not read dos header from C:\WINDOWS\SYSTEM32\WINMM.dll
[0118/212414.905:ERROR:process_memory_win.cc(73)] ReadMemory at 0x7fff27be0000 of 64 bytes failed: Nur ein Teil der ReadProcessMemory- oder WriteProcessMemory-Anforderung wurde abgeschlossen. (0x12B)
[0118/212414.905:WARNING:pe_image_reader.cc(340)] could not read dos header from C:\WINDOWS\SYSTEM32\UIAutomationCore.DLL
[0118/212414.905:ERROR:process_memory_win.cc(73)] ReadMemory at 0x7fff3d6f0000 of 64 bytes failed: Nur ein Teil der ReadProcessMemory- oder WriteProcessMemory-Anforderung wurde abgeschlossen. (0x12B)
[0118/212414.905:WARNING:pe_image_reader.cc(340)] could not read dos header from C:\WINDOWS\SYSTEM32\Secur32.dll
[0118/212414.905:ERROR:process_memory_win.cc(73)] ReadMemory at 0x7fff58f00000 of 64 bytes failed: Nur ein Teil der ReadProcessMemory- oder WriteProcessMemory-Anforderung wurde abgeschlossen. (0x12B)
[0118/212414.905:WARNING:pe_image_reader.cc(340)] could not read dos header from C:\WINDOWS\SYSTEM32\USERENV.dll
[0118/212414.906:ERROR:process_memory_win.cc(73)] ReadMemory at 0x7fff3c640000 of 64 bytes failed: Nur ein Teil der ReadProcessMemory- oder WriteProcessMemory-Anforderung wurde abgeschlossen. (0x12B)
[0118/212414.906:WARNING:pe_image_reader.cc(340)] could not read dos header from C:\WINDOWS\SYSTEM32\DWrite.dll
[0118/212414.906:ERROR:process_memory_win.cc(73)] ReadMemory at 0x7fff4f350000 of 64 bytes failed: Nur ein Teil der ReadProcessMemory- oder WriteProcessMemory-Anforderung wurde abgeschlossen. (0x12B)
[0118/212414.906:WARNING:pe_image_reader.cc(340)] could not read dos header from C:\WINDOWS\SYSTEM32\WINSPOOL.DRV
[0118/212414.906:ERROR:process_memory_win.cc(73)] ReadMemory at 0x7fff50b20000 of 64 bytes failed: Nur ein Teil der ReadProcessMemory- oder WriteProcessMemory-Anforderung wurde abgeschlossen. (0x12B)
[0118/212414.906:WARNING:pe_image_reader.cc(340)] could not read dos header from C:\WINDOWS\SYSTEM32\WINHTTP.dll
[0118/212414.906:ERROR:process_memory_win.cc(73)] ReadMemory at 0x7fff531e0000 of 64 bytes failed: Nur ein Teil der ReadProcessMemory- oder WriteProcessMemory-Anforderung wurde abgeschlossen. (0x12B)
[0118/212414.906:WARNING:pe_image_reader.cc(340)] could not read dos header from C:\WINDOWS\SYSTEM32\dhcpcsvc.DLL
[0118/212414.906:ERROR:process_memory_win.cc(73)] ReadMemory at 0x7fff557c0000 of 64 bytes failed: Nur ein Teil der ReadProcessMemory- oder WriteProcessMemory-Anforderung wurde abgeschlossen. (0x12B)
[0118/212414.906:WARNING:pe_image_reader.cc(340)] could not read dos header from C:\WINDOWS\SYSTEM32\PROPSYS.dll
[0118/212414.906:ERROR:process_memory_win.cc(73)] ReadMemory at 0x7fff58ec0000 of 64 bytes failed: Nur ein Teil der ReadProcessMemory- oder WriteProcessMemory-Anforderung wurde abgeschlossen. (0x12B)
[0118/212414.906:WARNING:pe_image_reader.cc(340)] could not read dos header from C:\WINDOWS\SYSTEM32\SSPICLI.DLL
[0118/212414.906:ERROR:process_memory_win.cc(73)] ReadMemory at 0x7fff58bf0000 of 64 bytes failed: Nur ein Teil der ReadProcessMemory- oder WriteProcessMemory-Anforderung wurde abgeschlossen. (0x12B)
[0118/212414.906:WARNING:pe_image_reader.cc(340)] could not read dos header from C:\WINDOWS\System32\MSASN1.dll
[0118/212414.906:ERROR:process_memory_win.cc(73)] ReadMemory at 0x7fff59850000 of 64 bytes failed: Nur ein Teil der ReadProcessMemory- oder WriteProcessMemory-Anforderung wurde abgeschlossen. (0x12B)
[0118/212414.906:WARNING:pe_image_reader.cc(340)] could not read dos header from C:\WINDOWS\System32\bcryptPrimitives.dll
[0118/212414.906:ERROR:process_memory_win.cc(73)] ReadMemory at 0x7fff5b350000 of 64 bytes failed: Nur ein Teil der ReadProcessMemory- oder WriteProcessMemory-Anforderung wurde abgeschlossen. (0x12B)
[0118/212414.906:WARNING:pe_image_reader.cc(340)] could not read dos header from C:\WINDOWS\System32\ole32.dll
[0118/212414.906:ERROR:process_memory_win.cc(73)] ReadMemory at 0x7fff5b320000 of 64 bytes failed: Nur ein Teil der ReadProcessMemory- oder WriteProcessMemory-Anforderung wurde abgeschlossen. (0x12B)
[0118/212414.906:WARNING:pe_image_reader.cc(340)] could not read dos header from C:\WINDOWS\System32\GDI32.dll
[0118/212414.907:ERROR:process_memory_win.cc(73)] ReadMemory at 0x7fff59010000 of 64 bytes failed: Nur ein Teil der ReadProcessMemory- oder WriteProcessMemory-Anforderung wurde abgeschlossen. (0x12B)
[0118/212414.907:WARNING:pe_image_reader.cc(340)] could not read dos header from C:\WINDOWS\System32\win32u.dll
[0118/212414.907:ERROR:process_memory_win.cc(73)] ReadMemory at 0x7fff59340000 of 64 bytes failed: Nur ein Teil der ReadProcessMemory- oder WriteProcessMemory-Anforderung wurde abgeschlossen. (0x12B)
[0118/212414.907:WARNING:pe_image_reader.cc(340)] could not read dos header from C:\WINDOWS\System32\gdi32full.dll
[0118/212414.907:ERROR:process_memory_win.cc(73)] ReadMemory at 0x7fff5b0f0000 of 64 bytes failed: Nur ein Teil der ReadProcessMemory- oder WriteProcessMemory-Anforderung wurde abgeschlossen. (0x12B)
[0118/212414.907:WARNING:pe_image_reader.cc(340)] could not read dos header from C:\WINDOWS\System32\USER32.dll
[0118/212414.907:ERROR:process_memory_win.cc(73)] ReadMemory at 0x7fff5a360000 of 64 bytes failed: Nur ein Teil der ReadProcessMemory- oder WriteProcessMemory-Anforderung wurde abgeschlossen. (0x12B)
[0118/212414.907:WARNING:pe_image_reader.cc(340)] could not read dos header from C:\WINDOWS\System32\IMM32.DLL
[0118/212414.907:ERROR:process_memory_win.cc(73)] ReadMemory at 0x7fff589e0000 of 64 bytes failed: Nur ein Teil der ReadProcessMemory- oder WriteProcessMemory-Anforderung wurde abgeschlossen. (0x12B)
[0118/212414.907:WARNING:pe_image_reader.cc(340)] could not read dos header from C:\WINDOWS\SYSTEM32\CRYPTBASE.DLL
[0118/212414.929:ERROR:process_memory_win.cc(73)] ReadMemory at 0x20d23f2000 of 57344 bytes failed: Nur ein Teil der ReadProcessMemory- oder WriteProcessMemory-Anforderung wurde abgeschlossen. (0x12B)
[0118/212414.929:ERROR:process_memory_win.cc(73)] ReadMemory at 0x20d2bfd000 of 12288 bytes failed: Nur ein Teil der ReadProcessMemory- oder WriteProcessMemory-Anforderung wurde abgeschlossen. (0x12B)
[0118/212414.929:ERROR:process_memory_win.cc(73)] ReadMemory at 0x20d33fb000 of 20480 bytes failed: Nur ein Teil der ReadProcessMemory- oder WriteProcessMemory-Anforderung wurde abgeschlossen. (0x12B)
[0118/212414.929:ERROR:process_memory_win.cc(73)] ReadMemory at 0x20d3bfd000 of 12288 bytes failed: Nur ein Teil der ReadProcessMemory- oder WriteProcessMemory-Anforderung wurde abgeschlossen. (0x12B)
[0118/212414.929:ERROR:process_memory_win.cc(73)] ReadMemory at 0x20d43fc000 of 16384 bytes failed: Nur ein Teil der ReadProcessMemory- oder WriteProcessMemory-Anforderung wurde abgeschlossen. (0x12B)
[0118/212414.930:ERROR:process_memory_win.cc(73)] ReadMemory at 0x20d53fe000 of 8192 bytes failed: Nur ein Teil der ReadProcessMemory- oder WriteProcessMemory-Anforderung wurde abgeschlossen. (0x12B)
[0118/212414.930:ERROR:process_memory_win.cc(73)] ReadMemory at 0x20d5bfe000 of 8192 bytes failed: Nur ein Teil der ReadProcessMemory- oder WriteProcessMemory-Anforderung wurde abgeschlossen. (0x12B)
[0118/212414.930:ERROR:process_memory_win.cc(73)] ReadMemory at 0x20d63fd000 of 12288 bytes failed: Nur ein Teil der ReadProcessMemory- oder WriteProcessMemory-Anforderung wurde abgeschlossen. (0x12B)
[0118/212414.930:ERROR:process_memory_win.cc(73)] ReadMemory at 0x20d73fe000 of 8192 bytes failed: Nur ein Teil der ReadProcessMemory- oder WriteProcessMemory-Anforderung wurde abgeschlossen. (0x12B)
[0118/212414.930:ERROR:process_memory_win.cc(73)] ReadMemory at 0x20d7bfe000 of 8192 bytes failed: Nur ein Teil der ReadProcessMemory- oder WriteProcessMemory-Anforderung wurde abgeschlossen. (0x12B)
[0118/212414.930:ERROR:process_memory_win.cc(73)] ReadMemory at 0x20d83fe000 of 8192 bytes failed: Nur ein Teil der ReadProcessMemory- oder WriteProcessMemory-Anforderung wurde abgeschlossen. (0x12B)
[0118/212414.930:ERROR:process_memory_win.cc(73)] ReadMemory at 0x20d8bfe000 of 8192 bytes failed: Nur ein Teil der ReadProcessMemory- oder WriteProcessMemory-Anforderung wurde abgeschlossen. (0x12B)
[0118/212414.930:ERROR:process_memory_win.cc(73)] ReadMemory at 0x20d93fe000 of 8192 bytes failed: Nur ein Teil der ReadProcessMemory- oder WriteProcessMemory-Anforderung wurde abgeschlossen. (0x12B)
[0118/212414.930:ERROR:process_memory_win.cc(73)] ReadMemory at 0x20d9bfe000 of 8192 bytes failed: Nur ein Teil der ReadProcessMemory- oder WriteProcessMemory-Anforderung wurde abgeschlossen. (0x12B)
[0118/212414.931:ERROR:process_memory_win.cc(73)] ReadMemory at 0x20d4bfd000 of 12288 bytes failed: Nur ein Teil der ReadProcessMemory- oder WriteProcessMemory-Anforderung wurde abgeschlossen. (0x12B)
[0118/212414.931:ERROR:process_memory_win.cc(73)] ReadMemory at 0x20d6bfd000 of 12288 bytes failed: Nur ein Teil der ReadProcessMemory- oder WriteProcessMemory-Anforderung wurde abgeschlossen. (0x12B)
[0118/212414.931:ERROR:process_memory_win.cc(73)] ReadMemory at 0x20da3fd000 of 12288 bytes failed: Nur ein Teil der ReadProcessMemory- oder WriteProcessMemory-Anforderung wurde abgeschlossen. (0x12B)
[0118/212414.931:ERROR:process_memory_win.cc(73)] ReadMemory at 0x20dabfd000 of 12288 bytes failed: Nur ein Teil der ReadProcessMemory- oder WriteProcessMemory-Anforderung wurde abgeschlossen. (0x12B)
[0118/212414.931:ERROR:process_memory_win.cc(73)] ReadMemory at 0x20db3fd000 of 12288 bytes failed: Nur ein Teil der ReadProcessMemory- oder WriteProcessMemory-Anforderung wurde abgeschlossen. (0x12B)
[0118/212414.931:ERROR:process_memory_win.cc(73)] ReadMemory at 0x20dbbfe000 of 8192 bytes failed: Nur ein Teil der ReadProcessMemory- oder WriteProcessMemory-Anforderung wurde abgeschlossen. (0x12B)
[0118/212414.931:ERROR:process_memory_win.cc(73)] ReadMemory at 0x20d1bab000 of 852 bytes failed: Nur ein Teil der ReadProcessMemory- oder WriteProcessMemory-Anforderung wurde abgeschlossen. (0x12B)
[0118/212414.931:ERROR:process_memory_win.cc(73)] ReadMemory at 0x20d1bac000 of 6024 bytes failed: Nur ein Teil der ReadProcessMemory- oder WriteProcessMemory-Anforderung wurde abgeschlossen. (0x12B)
[0118/212414.932:ERROR:process_memory_win.cc(73)] ReadMemory at 0x20d1bae000 of 6024 bytes failed: Nur ein Teil der ReadProcessMemory- oder WriteProcessMemory-Anforderung wurde abgeschlossen. (0x12B)
[0118/212414.932:ERROR:process_memory_win.cc(73)] ReadMemory at 0x20d1bb0000 of 6024 bytes failed: Nur ein Teil der ReadProcessMemory- oder WriteProcessMemory-Anforderung wurde abgeschlossen. (0x12B)
[0118/212414.932:ERROR:process_memory_win.cc(73)] ReadMemory at 0x20d1bb2000 of 6024 bytes failed: Nur ein Teil der ReadProcessMemory- oder WriteProcessMemory-Anforderung wurde abgeschlossen. (0x12B)
[0118/212414.932:ERROR:process_memory_win.cc(73)] ReadMemory at 0x20d1bb4000 of 6024 bytes failed: Nur ein Teil der ReadProcessMemory- oder WriteProcessMemory-Anforderung wurde abgeschlossen. (0x12B)
[0118/212414.932:ERROR:process_memory_win.cc(73)] ReadMemory at 0x20d1bb8000 of 6024 bytes failed: Nur ein Teil der ReadProcessMemory- oder WriteProcessMemory-Anforderung wurde abgeschlossen. (0x12B)
[0118/212414.932:ERROR:process_memory_win.cc(73)] ReadMemory at 0x20d1bba000 of 6024 bytes failed: Nur ein Teil der ReadProcessMemory- oder WriteProcessMemory-Anforderung wurde abgeschlossen. (0x12B)
[0118/212414.932:ERROR:process_memory_win.cc(73)] ReadMemory at 0x20d1bbc000 of 6024 bytes failed: Nur ein Teil der ReadProcessMemory- oder WriteProcessMemory-Anforderung wurde abgeschlossen. (0x12B)
[0118/212414.932:ERROR:process_memory_win.cc(73)] ReadMemory at 0x20d1bc0000 of 6024 bytes failed: Nur ein Teil der ReadProcessMemory- oder WriteProcessMemory-Anforderung wurde abgeschlossen. (0x12B)
[0118/212414.932:ERROR:process_memory_win.cc(73)] ReadMemory at 0x20d1bc2000 of 6024 bytes failed: Nur ein Teil der ReadProcessMemory- oder WriteProcessMemory-Anforderung wurde abgeschlossen. (0x12B)
[0118/212414.933:ERROR:process_memory_win.cc(73)] ReadMemory at 0x20d1bc4000 of 6024 bytes failed: Nur ein Teil der ReadProcessMemory- oder WriteProcessMemory-Anforderung wurde abgeschlossen. (0x12B)
[0118/212414.933:ERROR:process_memory_win.cc(73)] ReadMemory at 0x20d1bc6000 of 6024 bytes failed: Nur ein Teil der ReadProcessMemory- oder WriteProcessMemory-Anforderung wurde abgeschlossen. (0x12B)
[0118/212414.933:ERROR:process_memory_win.cc(73)] ReadMemory at 0x20d1bc8000 of 6024 bytes failed: Nur ein Teil der ReadProcessMemory- oder WriteProcessMemory-Anforderung wurde abgeschlossen. (0x12B)
[0118/212414.933:ERROR:process_memory_win.cc(73)] ReadMemory at 0x20d1bca000 of 6024 bytes failed: Nur ein Teil der ReadProcessMemory- oder WriteProcessMemory-Anforderung wurde abgeschlossen. (0x12B)
[0118/212414.933:ERROR:process_memory_win.cc(73)] ReadMemory at 0x20d1bd6000 of 6024 bytes failed: Nur ein Teil der ReadProcessMemory- oder WriteProcessMemory-Anforderung wurde abgeschlossen. (0x12B)
[0118/212414.933:ERROR:process_memory_win.cc(73)] ReadMemory at 0x20d1bd8000 of 6024 bytes failed: Nur ein Teil der ReadProcessMemory- oder WriteProcessMemory-Anforderung wurde abgeschlossen. (0x12B)
[0118/212414.933:ERROR:process_memory_win.cc(73)] ReadMemory at 0x20d1bda000 of 6024 bytes failed: Nur ein Teil der ReadProcessMemory- oder WriteProcessMemory-Anforderung wurde abgeschlossen. (0x12B)
[0118/212414.934:ERROR:process_memory_win.cc(73)] ReadMemory at 0x20d1bdc000 of 6024 bytes failed: Nur ein Teil der ReadProcessMemory- oder WriteProcessMemory-Anforderung wurde abgeschlossen. (0x12B)
[0118/212414.934:ERROR:process_memory_win.cc(73)] ReadMemory at 0x20d1bde000 of 6024 bytes failed: Nur ein Teil der ReadProcessMemory- oder WriteProcessMemory-Anforderung wurde abgeschlossen. (0x12B)
[0118/212414.934:ERROR:process_memory_win.cc(73)] ReadMemory at 0x20d1be0000 of 6024 bytes failed: Nur ein Teil der ReadProcessMemory- oder WriteProcessMemory-Anforderung wurde abgeschlossen. (0x12B)
[0118/212414.934:ERROR:process_memory_win.cc(73)] ReadMemory at 0x5bf5e259a0 of 512 bytes failed: Nur ein Teil der ReadProcessMemory- oder WriteProcessMemory-Anforderung wurde abgeschlossen. (0x12B)
[0118/212414.934:ERROR:process_memory_win.cc(73)] ReadMemory at 0x1b294db1fc0 of 512 bytes failed: Nur ein Teil der ReadProcessMemory- oder WriteProcessMemory-Anforderung wurde abgeschlossen. (0x12B)
[0118/212414.934:ERROR:process_memory_win.cc(73)] ReadMemory at 0x1b294db2800 of 512 bytes failed: Nur ein Teil der ReadProcessMemory- oder WriteProcessMemory-Anforderung wurde abgeschlossen. (0x12B)
[0118/212414.935:ERROR:process_memory_win.cc(73)] ReadMemory at 0x1b294e80fe0 of 6010 bytes failed: Nur ein Teil der ReadProcessMemory- oder WriteProcessMemory-Anforderung wurde abgeschlossen. (0x12B)
[0118/212414.935:ERROR:process_memory_win.cc(73)] ReadMemory at 0x1b294e82770 of 1012 bytes failed: Nur ein Teil der ReadProcessMemory- oder WriteProcessMemory-Anforderung wurde abgeschlossen. (0x12B)
[0118/212414.935:ERROR:process_memory_win.cc(73)] ReadMemory at 0x1b294e82db8 of 118 bytes failed: Nur ein Teil der ReadProcessMemory- oder WriteProcessMemory-Anforderung wurde abgeschlossen. (0x12B)
[0118/212414.935:ERROR:process_memory_win.cc(73)] ReadMemory at 0x1b294e82e30 of 1068 bytes failed: Nur ein Teil der ReadProcessMemory- oder WriteProcessMemory-Anforderung wurde abgeschlossen. (0x12B)
[0118/212414.935:ERROR:process_memory_win.cc(73)] ReadMemory at 0x1b294e8325e of 118 bytes failed: Nur ein Teil der ReadProcessMemory- oder WriteProcessMemory-Anforderung wurde abgeschlossen. (0x12B)
[0118/212414.935:ERROR:process_memory_win.cc(73)] ReadMemory at 0x1b294e832d6 of 98 bytes failed: Nur ein Teil der ReadProcessMemory- oder WriteProcessMemory-Anforderung wurde abgeschlossen. (0x12B)
[0118/212414.935:ERROR:process_memory_win.cc(73)] ReadMemory at 0x1b294e83350 of 58 bytes failed: Nur ein Teil der ReadProcessMemory- oder WriteProcessMemory-Anforderung wurde abgeschlossen. (0x12B)
[0118/212414.935:ERROR:process_memory_win.cc(73)] ReadMemory at 0x1b294e83450 of 132 bytes failed: Nur ein Teil der ReadProcessMemory- oder WriteProcessMemory-Anforderung wurde abgeschlossen. (0x12B)
[0118/212414.936:ERROR:process_memory_win.cc(73)] ReadMemory at 0x1b294e835e0 of 132 bytes failed: Nur ein Teil der ReadProcessMemory- oder WriteProcessMemory-Anforderung wurde abgeschlossen. (0x12B)
[0118/212414.936:ERROR:process_memory_win.cc(73)] ReadMemory at 0x1b294e837a0 of 126 bytes failed: Nur ein Teil der ReadProcessMemory- oder WriteProcessMemory-Anforderung wurde abgeschlossen. (0x12B)
[0118/212414.936:ERROR:process_memory_win.cc(73)] ReadMemory at 0x1b294e83bb0 of 132 bytes failed: Nur ein Teil der ReadProcessMemory- oder WriteProcessMemory-Anforderung wurde abgeschlossen. (0x12B)
[0118/212414.936:ERROR:process_memory_win.cc(73)] ReadMemory at 0x1b294e84130 of 132 bytes failed: Nur ein Teil der ReadProcessMemory- oder WriteProcessMemory-Anforderung wurde abgeschlossen. (0x12B)
[0118/212414.936:ERROR:process_memory_win.cc(73)] ReadMemory at 0x1b294e842c0 of 64 bytes failed: Nur ein Teil der ReadProcessMemory- oder WriteProcessMemory-Anforderung wurde abgeschlossen. (0x12B)
[0118/212414.936:ERROR:process_memory_win.cc(73)] ReadMemory at 0x1b294e84740 of 132 bytes failed: Nur ein Teil der ReadProcessMemory- oder WriteProcessMemory-Anforderung wurde abgeschlossen. (0x12B)
[0118/212414.936:ERROR:process_memory_win.cc(73)] ReadMemory at 0x1b294e848d0 of 68 bytes failed: Nur ein Teil der ReadProcessMemory- oder WriteProcessMemory-Anforderung wurde abgeschlossen. (0x12B)
[0118/212414.936:ERROR:process_memory_win.cc(73)] ReadMemory at 0x1b294e89840 of 132 bytes failed: Nur ein Teil der ReadProcessMemory- oder WriteProcessMemory-Anforderung wurde abgeschlossen. (0x12B)
[0118/212414.936:ERROR:process_memory_win.cc(73)] ReadMemory at 0x1b294e89970 of 154 bytes failed: Nur ein Teil der ReadProcessMemory- oder WriteProcessMemory-Anforderung wurde abgeschlossen. (0x12B)
[0118/212414.936:ERROR:process_memory_win.cc(73)] ReadMemory at 0x1b294e8d000 of 62 bytes failed: Nur ein Teil der ReadProcessMemory- oder WriteProcessMemory-Anforderung wurde abgeschlossen. (0x12B)
[0118/212414.936:ERROR:process_memory_win.cc(73)] ReadMemory at 0x1b294e8d130 of 132 bytes failed: Nur ein Teil der ReadProcessMemory- oder WriteProcessMemory-Anforderung wurde abgeschlossen. (0x12B)
[0118/212414.936:ERROR:process_memory_win.cc(73)] ReadMemory at 0x1b294e8d2c0 of 60 bytes failed: Nur ein Teil der ReadProcessMemory- oder WriteProcessMemory-Anforderung wurde abgeschlossen. (0x12B)
[0118/212414.937:ERROR:process_memory_win.cc(73)] ReadMemory at 0x1b294e8e480 of 62 bytes failed: Nur ein Teil der ReadProcessMemory- oder WriteProcessMemory-Anforderung wurde abgeschlossen. (0x12B)
[0118/212414.937:ERROR:process_memory_win.cc(73)] ReadMemory at 0x1b294e8e750 of 64 bytes failed: Nur ein Teil der ReadProcessMemory- oder WriteProcessMemory-Anforderung wurde abgeschlossen. (0x12B)
[0118/212414.937:ERROR:process_memory_win.cc(73)] ReadMemory at 0x1b294e8e7a0 of 60 bytes failed: Nur ein Teil der ReadProcessMemory- oder WriteProcessMemory-Anforderung wurde abgeschlossen. (0x12B)
[0118/212414.937:ERROR:process_memory_win.cc(73)] ReadMemory at 0x1b294e92f80 of 80 bytes failed: Nur ein Teil der ReadProcessMemory- oder WriteProcessMemory-Anforderung wurde abgeschlossen. (0x12B)
[0118/212414.937:ERROR:process_memory_win.cc(73)] ReadMemory at 0x1b294e98450 of 132 bytes failed: Nur ein Teil der ReadProcessMemory- oder WriteProcessMemory-Anforderung wurde abgeschlossen. (0x12B)
[0118/212414.937:ERROR:process_memory_win.cc(73)] ReadMemory at 0x1b294e98580 of 132 bytes failed: Nur ein Teil der ReadProcessMemory- oder WriteProcessMemory-Anforderung wurde abgeschlossen. (0x12B)
[0118/212414.937:ERROR:process_memory_win.cc(73)] ReadMemory at 0x1b294e988b0 of 132 bytes failed: Nur ein Teil der ReadProcessMemory- oder WriteProcessMemory-Anforderung wurde abgeschlossen. (0x12B)
[0118/212414.937:ERROR:process_memory_win.cc(73)] ReadMemory at 0x1b294e989e0 of 132 bytes failed: Nur ein Teil der ReadProcessMemory- oder WriteProcessMemory-Anforderung wurde abgeschlossen. (0x12B)
[0118/212414.937:ERROR:process_memory_win.cc(73)] ReadMemory at 0x1b294e99220 of 62 bytes failed: Nur ein Teil der ReadProcessMemory- oder WriteProcessMemory-Anforderung wurde abgeschlossen. (0x12B)
[0118/212414.937:ERROR:process_memory_win.cc(73)] ReadMemory at 0x1b294e99270 of 62 bytes failed: Nur ein Teil der ReadProcessMemory- oder WriteProcessMemory-Anforderung wurde abgeschlossen. (0x12B)
[0118/212414.937:ERROR:process_memory_win.cc(73)] ReadMemory at 0x1b294e99310 of 64 bytes failed: Nur ein Teil der ReadProcessMemory- oder WriteProcessMemory-Anforderung wurde abgeschlossen. (0x12B)
[0118/212414.938:ERROR:process_memory_win.cc(73)] ReadMemory at 0x1b294e99360 of 62 bytes failed: Nur ein Teil der ReadProcessMemory- oder WriteProcessMemory-Anforderung wurde abgeschlossen. (0x12B)
[0118/212414.938:ERROR:process_memory_win.cc(73)] ReadMemory at 0x1b294e994a0 of 64 bytes failed: Nur ein Teil der ReadProcessMemory- oder WriteProcessMemory-Anforderung wurde abgeschlossen. (0x12B)
[0118/212414.938:ERROR:process_memory_win.cc(73)] ReadMemory at 0x1b294e99540 of 58 bytes failed: Nur ein Teil der ReadProcessMemory- oder WriteProcessMemory-Anforderung wurde abgeschlossen. (0x12B)
[0118/212414.938:ERROR:process_memory_win.cc(73)] ReadMemory at 0x1b294e99590 of 62 bytes failed: Nur ein Teil der ReadProcessMemory- oder WriteProcessMemory-Anforderung wurde abgeschlossen. (0x12B)
[0118/212414.938:ERROR:process_memory_win.cc(73)] ReadMemory at 0x1b294e99680 of 62 bytes failed: Nur ein Teil der ReadProcessMemory- oder WriteProcessMemory-Anforderung wurde abgeschlossen. (0x12B)
[0118/212414.938:ERROR:process_memory_win.cc(73)] ReadMemory at 0x1b294e996d0 of 64 bytes failed: Nur ein Teil der ReadProcessMemory- oder WriteProcessMemory-Anforderung wurde abgeschlossen. (0x12B)
[0118/212414.938:ERROR:process_memory_win.cc(73)] ReadMemory at 0x1b294e99720 of 66 bytes failed: Nur ein Teil der ReadProcessMemory- oder WriteProcessMemory-Anforderung wurde abgeschlossen. (0x12B)
[0118/212414.938:ERROR:process_memory_win.cc(73)] ReadMemory at 0x1b294e997c0 of 60 bytes failed: Nur ein Teil der ReadProcessMemory- oder WriteProcessMemory-Anforderung wurde abgeschlossen. (0x12B)
[0118/212414.938:ERROR:process_memory_win.cc(73)] ReadMemory at 0x1b294e99950 of 60 bytes failed: Nur ein Teil der ReadProcessMemory- oder WriteProcessMemory-Anforderung wurde abgeschlossen. (0x12B)
[0118/212414.938:ERROR:process_memory_win.cc(73)] ReadMemory at 0x1b294e999f0 of 64 bytes failed: Nur ein Teil der ReadProcessMemory- oder WriteProcessMemory-Anforderung wurde abgeschlossen. (0x12B)
[0118/212414.938:ERROR:process_memory_win.cc(73)] ReadMemory at 0x1b294e99a40 of 64 bytes failed: Nur ein Teil der ReadProcessMemory- oder WriteProcessMemory-Anforderung wurde abgeschlossen. (0x12B)
[0118/212414.939:ERROR:process_memory_win.cc(73)] ReadMemory at 0x1b294e99db0 of 64 bytes failed: Nur ein Teil der ReadProcessMemory- oder WriteProcessMemory-Anforderung wurde abgeschlossen. (0x12B)
[0118/212414.939:ERROR:process_memory_win.cc(73)] ReadMemory at 0x1b294e9a030 of 62 bytes failed: Nur ein Teil der ReadProcessMemory- oder WriteProcessMemory-Anforderung wurde abgeschlossen. (0x12B)
[0118/212414.939:ERROR:process_memory_win.cc(73)] ReadMemory at 0x1b294e9a0d0 of 62 bytes failed: Nur ein Teil der ReadProcessMemory- oder WriteProcessMemory-Anforderung wurde abgeschlossen. (0x12B)
[0118/212414.939:ERROR:process_memory_win.cc(73)] ReadMemory at 0x1b294e9a120 of 62 bytes failed: Nur ein Teil der ReadProcessMemory- oder WriteProcessMemory-Anforderung wurde abgeschlossen. (0x12B)
[0118/212414.939:ERROR:process_memory_win.cc(73)] ReadMemory at 0x1b294e9aa40 of 132 bytes failed: Nur ein Teil der ReadProcessMemory- oder WriteProcessMemory-Anforderung wurde abgeschlossen. (0x12B)
[0118/212414.939:ERROR:process_memory_win.cc(73)] ReadMemory at 0x1b294e9ab70 of 132 bytes failed: Nur ein Teil der ReadProcessMemory- oder WriteProcessMemory-Anforderung wurde abgeschlossen. (0x12B)
[0118/212414.939:ERROR:process_memory_win.cc(73)] ReadMemory at 0x1b294e9aca0 of 132 bytes failed: Nur ein Teil der ReadProcessMemory- oder WriteProcessMemory-Anforderung wurde abgeschlossen. (0x12B)
[0118/212414.939:ERROR:process_memory_win.cc(73)] ReadMemory at 0x1b294e9add0 of 132 bytes failed: Nur ein Teil der ReadProcessMemory- oder WriteProcessMemory-Anforderung wurde abgeschlossen. (0x12B)
[0118/212414.939:ERROR:process_memory_win.cc(73)] ReadMemory at 0x1b294e9af00 of 132 bytes failed: Nur ein Teil der ReadProcessMemory- oder WriteProcessMemory-Anforderung wurde abgeschlossen. (0x12B)
[0118/212414.939:ERROR:process_memory_win.cc(73)] ReadMemory at 0x1b294e9b030 of 132 bytes failed: Nur ein Teil der ReadProcessMemory- oder WriteProcessMemory-Anforderung wurde abgeschlossen. (0x12B)
[0118/212414.939:ERROR:process_memory_win.cc(73)] ReadMemory at 0x1b294e9b160 of 132 bytes failed: Nur ein Teil der ReadProcessMemory- oder WriteProcessMemory-Anforderung wurde abgeschlossen. (0x12B)
[0118/212414.939:ERROR:process_memory_win.cc(73)] ReadMemory at 0x1b294e9b290 of 132 bytes failed: Nur ein Teil der ReadProcessMemory- oder WriteProcessMemory-Anforderung wurde abgeschlossen. (0x12B)
[0118/212414.940:ERROR:process_memory_win.cc(73)] ReadMemory at 0x1b294e9b3c0 of 132 bytes failed: Nur ein Teil der ReadProcessMemory- oder WriteProcessMemory-Anforderung wurde abgeschlossen. (0x12B)
[0118/212414.940:ERROR:process_memory_win.cc(73)] ReadMemory at 0x1b294e9b4f0 of 132 bytes failed: Nur ein Teil der ReadProcessMemory- oder WriteProcessMemory-Anforderung wurde abgeschlossen. (0x12B)
[0118/212414.940:ERROR:process_memory_win.cc(73)] ReadMemory at 0x1b294e9b620 of 132 bytes failed: Nur ein Teil der ReadProcessMemory- oder WriteProcessMemory-Anforderung wurde abgeschlossen. (0x12B)
[0118/212414.940:ERROR:process_memory_win.cc(73)] ReadMemory at 0x1b294e9b750 of 132 bytes failed: Nur ein Teil der ReadProcessMemory- oder WriteProcessMemory-Anforderung wurde abgeschlossen. (0x12B)
[0118/212414.940:ERROR:process_memory_win.cc(73)] ReadMemory at 0x1b294e9b880 of 132 bytes failed: Nur ein Teil der ReadProcessMemory- oder WriteProcessMemory-Anforderung wurde abgeschlossen. (0x12B)
[0118/212414.940:ERROR:process_memory_win.cc(73)] ReadMemory at 0x1b294e9e430 of 132 bytes failed: Nur ein Teil der ReadProcessMemory- oder WriteProcessMemory-Anforderung wurde abgeschlossen. (0x12B)
[0118/212414.940:ERROR:process_memory_win.cc(73)] ReadMemory at 0x1b294e9e640 of 132 bytes failed: Nur ein Teil der ReadProcessMemory- oder WriteProcessMemory-Anforderung wurde abgeschlossen. (0x12B)
[0118/212414.940:ERROR:process_memory_win.cc(73)] ReadMemory at 0x1b294ea0a40 of 132 bytes failed: Nur ein Teil der ReadProcessMemory- oder WriteProcessMemory-Anforderung wurde abgeschlossen. (0x12B)
[0118/212414.940:ERROR:process_memory_win.cc(73)] ReadMemory at 0x1b294ea0c60 of 132 bytes failed: Nur ein Teil der ReadProcessMemory- oder WriteProcessMemory-Anforderung wurde abgeschlossen. (0x12B)
[0118/212414.940:ERROR:process_memory_win.cc(73)] ReadMemory at 0x1b294ea5f20 of 146 bytes failed: Nur ein Teil der ReadProcessMemory- oder WriteProcessMemory-Anforderung wurde abgeschlossen. (0x12B)
[0118/212414.940:ERROR:process_memory_win.cc(73)] ReadMemory at 0x1b294ea87a0 of 132 bytes failed: Nur ein Teil der ReadProcessMemory- oder WriteProcessMemory-Anforderung wurde abgeschlossen. (0x12B)
[0118/212414.941:ERROR:process_memory_win.cc(73)] ReadMemory at 0x1b294ea8a00 of 132 bytes failed: Nur ein Teil der ReadProcessMemory- oder WriteProcessMemory-Anforderung wurde abgeschlossen. (0x12B)
[0118/212414.941:ERROR:process_memory_win.cc(73)] ReadMemory at 0x1b294ea8b30 of 132 bytes failed: Nur ein Teil der ReadProcessMemory- oder WriteProcessMemory-Anforderung wurde abgeschlossen. (0x12B)
[0118/212414.941:ERROR:process_memory_win.cc(73)] ReadMemory at 0x1b294ea8d90 of 132 bytes failed: Nur ein Teil der ReadProcessMemory- oder WriteProcessMemory-Anforderung wurde abgeschlossen. (0x12B)
[0118/212414.941:ERROR:process_memory_win.cc(73)] ReadMemory at 0x1b294ea8ec0 of 132 bytes failed: Nur ein Teil der ReadProcessMemory- oder WriteProcessMemory-Anforderung wurde abgeschlossen. (0x12B)
[0118/212414.941:ERROR:process_memory_win.cc(73)] ReadMemory at 0x1b294ea8ff0 of 132 bytes failed: Nur ein Teil der ReadProcessMemory- oder WriteProcessMemory-Anforderung wurde abgeschlossen. (0x12B)
[0118/212414.941:ERROR:process_memory_win.cc(73)] ReadMemory at 0x1b294ea9380 of 132 bytes failed: Nur ein Teil der ReadProcessMemory- oder WriteProcessMemory-Anforderung wurde abgeschlossen. (0x12B)
[0118/212414.941:ERROR:process_memory_win.cc(73)] ReadMemory at 0x1b294ea94b0 of 132 bytes failed: Nur ein Teil der ReadProcessMemory- oder WriteProcessMemory-Anforderung wurde abgeschlossen. (0x12B)
[0118/212414.941:ERROR:process_memory_win.cc(73)] ReadMemory at 0x1b294ea9bd0 of 132 bytes failed: Nur ein Teil der ReadProcessMemory- oder WriteProcessMemory-Anforderung wurde abgeschlossen. (0x12B)
[0118/212414.941:ERROR:process_memory_win.cc(73)] ReadMemory at 0x1b294ea9d00 of 132 bytes failed: Nur ein Teil der ReadProcessMemory- oder WriteProcessMemory-Anforderung wurde abgeschlossen. (0x12B)
[0118/212414.941:ERROR:process_memory_win.cc(73)] ReadMemory at 0x1b294eb0100 of 80 bytes failed: Nur ein Teil der ReadProcessMemory- oder WriteProcessMemory-Anforderung wurde abgeschlossen. (0x12B)
[0118/212414.941:ERROR:process_memory_win.cc(73)] ReadMemory at 0x1b294eb8520 of 60 bytes failed: Nur ein Teil der ReadProcessMemory- oder WriteProcessMemory-Anforderung wurde abgeschlossen. (0x12B)
[0118/212414.941:ERROR:process_memory_win.cc(73)] ReadMemory at 0x1b294eb8570 of 58 bytes failed: Nur ein Teil der ReadProcessMemory- oder WriteProcessMemory-Anforderung wurde abgeschlossen. (0x12B)
[0118/212414.942:ERROR:process_memory_win.cc(73)] ReadMemory at 0x1b294eb8660 of 60 bytes failed: Nur ein Teil der ReadProcessMemory- oder WriteProcessMemory-Anforderung wurde abgeschlossen. (0x12B)
[0118/212414.942:ERROR:process_memory_win.cc(73)] ReadMemory at 0x1b294eb8840 of 66 bytes failed: Nur ein Teil der ReadProcessMemory- oder WriteProcessMemory-Anforderung wurde abgeschlossen. (0x12B)
[0118/212414.942:ERROR:process_memory_win.cc(73)] ReadMemory at 0x1b294eb8c50 of 60 bytes failed: Nur ein Teil der ReadProcessMemory- oder WriteProcessMemory-Anforderung wurde abgeschlossen. (0x12B)
[0118/212414.942:ERROR:process_memory_win.cc(73)] ReadMemory at 0x1b294eb8d90 of 58 bytes failed: Nur ein Teil der ReadProcessMemory- oder WriteProcessMemory-Anforderung wurde abgeschlossen. (0x12B)
[0118/212414.942:ERROR:process_memory_win.cc(73)] ReadMemory at 0x1b294eb8f70 of 58 bytes failed: Nur ein Teil der ReadProcessMemory- oder WriteProcessMemory-Anforderung wurde abgeschlossen. (0x12B)
[0118/212414.942:ERROR:process_memory_win.cc(73)] ReadMemory at 0x1b294ee4210 of 512 bytes failed: Nur ein Teil der ReadProcessMemory- oder WriteProcessMemory-Anforderung wurde abgeschlossen. (0x12B)
[0118/212414.942:ERROR:process_memory_win.cc(73)] ReadMemory at 0x1b294eff130 of 512 bytes failed: Nur ein Teil der ReadProcessMemory- oder WriteProcessMemory-Anforderung wurde abgeschlossen. (0x12B)
[0118/212414.942:ERROR:process_memory_win.cc(73)] ReadMemory at 0x1b294f02ef0 of 512 bytes failed: Nur ein Teil der ReadProcessMemory- oder WriteProcessMemory-Anforderung wurde abgeschlossen. (0x12B)
[0118/212414.942:ERROR:process_memory_win.cc(73)] ReadMemory at 0x1b294f0dc60 of 712 bytes failed: Nur ein Teil der ReadProcessMemory- oder WriteProcessMemory-Anforderung wurde abgeschlossen. (0x12B)
[0118/212414.942:ERROR:process_memory_win.cc(73)] ReadMemory at 0x1b294f198e0 of 512 bytes failed: Nur ein Teil der ReadProcessMemory- oder WriteProcessMemory-Anforderung wurde abgeschlossen. (0x12B)
[0118/212414.942:ERROR:process_memory_win.cc(73)] ReadMemory at 0x1b294f1f3a0 of 512 bytes failed: Nur ein Teil der ReadProcessMemory- oder WriteProcessMemory-Anforderung wurde abgeschlossen. (0x12B)
[0118/212414.943:ERROR:process_memory_win.cc(73)] ReadMemory at 0x1b294f59450 of 512 bytes failed: Nur ein Teil der ReadProcessMemory- oder WriteProcessMemory-Anforderung wurde abgeschlossen. (0x12B)
[0118/212414.943:ERROR:process_memory_win.cc(73)] ReadMemory at 0x1b296ad0000 of 384 bytes failed: Nur ein Teil der ReadProcessMemory- oder WriteProcessMemory-Anforderung wurde abgeschlossen. (0x12B)
[0118/212414.943:ERROR:process_memory_win.cc(73)] ReadMemory at 0x1b296b3c5d0 of 512 bytes failed: Nur ein Teil der ReadProcessMemory- oder WriteProcessMemory-Anforderung wurde abgeschlossen. (0x12B)
[0118/212414.943:ERROR:process_memory_win.cc(73)] ReadMemory at 0x1b296bac9b0 of 512 bytes failed: Nur ein Teil der ReadProcessMemory- oder WriteProcessMemory-Anforderung wurde abgeschlossen. (0x12B)
[0118/212414.943:ERROR:process_memory_win.cc(73)] ReadMemory at 0x1b2973288c0 of 512 bytes failed: Nur ein Teil der ReadProcessMemory- oder WriteProcessMemory-Anforderung wurde abgeschlossen. (0x12B)
[0118/212414.943:ERROR:process_memory_win.cc(73)] ReadMemory at 0x1b297328f40 of 1024 bytes failed: Nur ein Teil der ReadProcessMemory- oder WriteProcessMemory-Anforderung wurde abgeschlossen. (0x12B)
[0118/212414.943:ERROR:process_memory_win.cc(73)] ReadMemory at 0x1b297329840 of 512 bytes failed: Nur ein Teil der ReadProcessMemory- oder WriteProcessMemory-Anforderung wurde abgeschlossen. (0x12B)
[0118/212414.943:ERROR:process_memory_win.cc(73)] ReadMemory at 0x1b297329f81 of 575 bytes failed: Nur ein Teil der ReadProcessMemory- oder WriteProcessMemory-Anforderung wurde abgeschlossen. (0x12B)
[0118/212414.943:ERROR:process_memory_win.cc(73)] ReadMemory at 0x1b29732a440 of 512 bytes failed: Nur ein Teil der ReadProcessMemory- oder WriteProcessMemory-Anforderung wurde abgeschlossen. (0x12B)
[0118/212414.943:ERROR:process_memory_win.cc(73)] ReadMemory at 0x1b297cd6bc0 of 512 bytes failed: Nur ein Teil der ReadProcessMemory- oder WriteProcessMemory-Anforderung wurde abgeschlossen. (0x12B)
[0118/212414.943:ERROR:process_memory_win.cc(73)] ReadMemory at 0x2fb09769c29 of 512 bytes failed: Nur ein Teil der ReadProcessMemory- oder WriteProcessMemory-Anforderung wurde abgeschlossen. (0x12B)
[0118/212414.944:ERROR:process_memory_win.cc(73)] ReadMemory at 0x2fb0a51156d of 512 bytes failed: Nur ein Teil der ReadProcessMemory- oder WriteProcessMemory-Anforderung wurde abgeschlossen. (0x12B)
[0118/212414.944:ERROR:process_memory_win.cc(73)] ReadMemory at 0x2fb0add6b6d of 512 bytes failed: Nur ein Teil der ReadProcessMemory- oder WriteProcessMemory-Anforderung wurde abgeschlossen. (0x12B)
[0118/212414.944:ERROR:process_memory_win.cc(73)] ReadMemory at 0x2fb0bc8f088 of 512 bytes failed: Nur ein Teil der ReadProcessMemory- oder WriteProcessMemory-Anforderung wurde abgeschlossen. (0x12B)
[0118/212414.944:ERROR:process_memory_win.cc(73)] ReadMemory at 0x2fb0bccfab0 of 512 bytes failed: Nur ein Teil der ReadProcessMemory- oder WriteProcessMemory-Anforderung wurde abgeschlossen. (0x12B)
[0118/212414.944:ERROR:process_memory_win.cc(73)] ReadMemory at 0x4c0faf9947e0 of 512 bytes failed: Nur ein Teil der ReadProcessMemory- oder WriteProcessMemory-Anforderung wurde abgeschlossen. (0x12B)
[0118/212414.944:ERROR:process_memory_win.cc(73)] ReadMemory at 0x6ae674e1c7f0 of 512 bytes failed: Nur ein Teil der ReadProcessMemory- oder WriteProcessMemory-Anforderung wurde abgeschlossen. (0x12B)
[0118/212414.944:ERROR:process_memory_win.cc(73)] ReadMemory at 0x6ae674e9e748 of 512 bytes failed: Nur ein Teil der ReadProcessMemory- oder WriteProcessMemory-Anforderung wurde abgeschlossen. (0x12B)
[0118/212414.944:ERROR:process_memory_win.cc(73)] ReadMemory at 0x7ffee3762c10 of 512 bytes failed: Nur ein Teil der ReadProcessMemory- oder WriteProcessMemory-Anforderung wurde abgeschlossen. (0x12B)
[0118/212414.944:ERROR:process_memory_win.cc(73)] ReadMemory at 0x7ffee5551e80 of 512 bytes failed: Nur ein Teil der ReadProcessMemory- oder WriteProcessMemory-Anforderung wurde abgeschlossen. (0x12B)
[0118/212414.944:ERROR:process_memory_win.cc(73)] ReadMemory at 0x7ffee71d4235 of 512 bytes failed: Nur ein Teil der ReadProcessMemory- oder WriteProcessMemory-Anforderung wurde abgeschlossen. (0x12B)
[0118/212414.944:ERROR:process_memory_win.cc(73)] ReadMemory at 0x7ffeeaf93420 of 512 bytes failed: Nur ein Teil der ReadProcessMemory- oder WriteProcessMemory-Anforderung wurde abgeschlossen. (0x12B)
[0118/212414.945:ERROR:process_memory_win.cc(73)] ReadMemory at 0x7ffeeb4accd0 of 512 bytes failed: Nur ein Teil der ReadProcessMemory- oder WriteProcessMemory-Anforderung wurde abgeschlossen. (0x12B)
[0118/212414.945:ERROR:process_memory_win.cc(73)] ReadMemory at 0x7ffeebe9d438 of 512 bytes failed: Nur ein Teil der ReadProcessMemory- oder WriteProcessMemory-Anforderung wurde abgeschlossen. (0x12B)
[0118/212414.945:ERROR:process_memory_win.cc(73)] ReadMemory at 0x7ffeec187cb8 of 512 bytes failed: Nur ein Teil der ReadProcessMemory- oder WriteProcessMemory-Anforderung wurde abgeschlossen. (0x12B)
[0118/212414.945:ERROR:process_memory_win.cc(73)] ReadMemory at 0x7fff5afd4a50 of 512 bytes failed: Nur ein Teil der ReadProcessMemory- oder WriteProcessMemory-Anforderung wurde abgeschlossen. (0x12B)
[0118/212414.945:ERROR:process_memory_win.cc(73)] ReadMemory at 0x7fff5b96bfb4 of 672 bytes failed: Nur ein Teil der ReadProcessMemory- oder WriteProcessMemory-Anforderung wurde abgeschlossen. (0x12B)
[0118/212414.945:ERROR:process_memory_win.cc(73)] ReadMemory at 0x7fff5b96c5b4 of 512 bytes failed: Nur ein Teil der ReadProcessMemory- oder WriteProcessMemory-Anforderung wurde abgeschlossen. (0x12B)
[0118/212414.945:ERROR:process_memory_win.cc(73)] ReadMemory at 0x7fff5b96f924 of 608 bytes failed: Nur ein Teil der ReadProcessMemory- oder WriteProcessMemory-Anforderung wurde abgeschlossen. (0x12B)
[0118/212414.945:ERROR:process_memory_win.cc(73)] ReadMemory at 0x7fff5ba00a00 of 18 bytes failed: Nur ein Teil der ReadProcessMemory- oder WriteProcessMemory-Anforderung wurde abgeschlossen. (0x12B)
[0118/212414.945:ERROR:process_memory_win.cc(73)] ReadMemory at 0x7fff5ba354f8 of 40 bytes failed: Nur ein Teil der ReadProcessMemory- oder WriteProcessMemory-Anforderung wurde abgeschlossen. (0x12B)
[0118/212414.945:ERROR:process_memory_win.cc(73)] ReadMemory at 0x7fff5ba35978 of 48 bytes failed: Nur ein Teil der ReadProcessMemory- oder WriteProcessMemory-Anforderung wurde abgeschlossen. (0x12B)
[0118/212414.946:ERROR:process_memory_win.cc(73)] ReadMemory at 0x7fff5ba3b4c0 of 64 bytes failed: Nur ein Teil der ReadProcessMemory- oder WriteProcessMemory-Anforderung wurde abgeschlossen. (0x12B)
[0118/212414.947:ERROR:scoped_process_suspend.cc(40)] NtResumeProcess: Es wurde versucht, auf einen Prozess zuzugreifen, der gerade beendet wurde. (0xc000010a)
[0119/212757.706:ERROR:process_info.cc(329)] VirtualQueryEx: Zugriff verweigert (0x5)
[0119/212757.708:ERROR:process_info.cc(556)] ReadMemoryInfo failed
[0119/212757.708:ERROR:process_memory_win.cc(39)] Failed to initialize ProcessInfo.
[0119/212757.708:ERROR:scoped_process_suspend.cc(40)] NtResumeProcess: Es wurde versucht, auf einen Prozess zuzugreifen, der gerade beendet wurde. (0xc000010a)
[0120/184556.610:ERROR:directory_reader_win.cc(43)] FindFirstFile: Das System kann den angegebenen Pfad nicht finden. (0x3)
